android/app/build/outputs/logs/manifest-merger-release-report.txt
-- Merging decision tree log ---
manifest
ADDED from src/main/AndroidManifest.xml:1:1-30:12
	package
		ADDED from src/main/AndroidManifest.xml:2:5-29
		INJECTED from src/main/AndroidManifest.xml
		INJECTED from src/main/AndroidManifest.xml
	android:versionName
		INJECTED from src/main/AndroidManifest.xml
		INJECTED from src/main/AndroidManifest.xml
	xmlns:android
		ADDED from src/main/AndroidManifest.xml:1:11-69
	android:versionCode
		INJECTED from src/main/AndroidManifest.xml
		INJECTED from src/main/AndroidManifest.xml
uses-permission#android.permission.INTERNET
ADDED from src/main/AndroidManifest.xml:4:5-67
	android:name
		ADDED from src/main/AndroidManifest.xml:4:22-64
uses-permission#android.permission.SYSTEM_ALERT_WINDOW
ADDED from src/main/AndroidManifest.xml:5:5-77
MERGED from [com.facebook.react:react-native:0.51.1] AndroidManifest.xml:11:5-78
	android:name
		ADDED from src/main/AndroidManifest.xml:5:22-75
uses-permission#android.permission.ACCESS_NETWORK_STATE
ADDED from src/main/AndroidManifest.xml:6:5-79
	android:name
		ADDED from src/main/AndroidManifest.xml:6:22-76
uses-permission#android.permission.CAMERA
ADDED from src/main/AndroidManifest.xml:7:5-65
	android:name
		ADDED from src/main/AndroidManifest.xml:7:22-62
uses-permission#android.permission.WRITE_EXTERNAL_STORAGE
ADDED from src/main/AndroidManifest.xml:8:5-80
	android:name
		ADDED from src/main/AndroidManifest.xml:8:22-78
uses-permission#android.permission.RECORD_AUDIO
ADDED from src/main/AndroidManifest.xml:9:5-71
	android:name
		ADDED from src/main/AndroidManifest.xml:9:22-68
application
ADDED from src/main/AndroidManifest.xml:11:5-28:19
MERGED from [gougouTalk:react-native-image-picker:unspecified] AndroidManifest.xml:11:5-21:19
MERGED from [com.facebook.react:react-native:0.51.1] AndroidManifest.xml:13:5-20
MERGED from [com.android.support:appcompat-v7:23.1.0] AndroidManifest.xml:22:5-20
MERGED from [com.android.support:support-v4:23.1.0] AndroidManifest.xml:22:5-20
MERGED from [com.facebook.soloader:soloader:0.1.0] AndroidManifest.xml:3:3-17
MERGED from [org.webkit:android-jsc:r174650] AndroidManifest.xml:2:3-17
	android:label
		ADDED from src/main/AndroidManifest.xml:13:7-39
	android:allowBackup
		ADDED from src/main/AndroidManifest.xml:15:7-34
	android:icon
		ADDED from src/main/AndroidManifest.xml:14:7-41
	android:theme
		ADDED from src/main/AndroidManifest.xml:16:7-38
	android:name
		ADDED from src/main/AndroidManifest.xml:12:7-38
activity#com.gougoutalk.MainActivity
ADDED from src/main/AndroidManifest.xml:17:7-26:18
	android:label
		ADDED from src/main/AndroidManifest.xml:19:9-41
	android:windowSoftInputMode
		ADDED from src/main/AndroidManifest.xml:21:9-51
	android:configChanges
		ADDED from src/main/AndroidManifest.xml:20:9-79
	android:name
		ADDED from src/main/AndroidManifest.xml:18:9-37
intent-filter#android.intent.action.MAIN+android.intent.category.LAUNCHER
ADDED from src/main/AndroidManifest.xml:22:9-25:25
action#android.intent.action.MAIN
ADDED from src/main/AndroidManifest.xml:23:13-65
	android:name
		ADDED from src/main/AndroidManifest.xml:23:21-62
category#android.intent.category.LAUNCHER
ADDED from src/main/AndroidManifest.xml:24:13-73
	android:name
		ADDED from src/main/AndroidManifest.xml:24:23-70
activity#com.facebook.react.devsupport.DevSettingsActivity
ADDED from src/main/AndroidManifest.xml:27:7-84
	android:name
		ADDED from src/main/AndroidManifest.xml:27:17-81
uses-sdk
INJECTED from src/main/AndroidManifest.xml reason: use-sdk injection requested
MERGED from [gougouTalk:react-native-audio:unspecified] AndroidManifest.xml:7:5-9:41
MERGED from [gougouTalk:react-native-video:unspecified] AndroidManifest.xml:7:5-9:41
MERGED from [com.yqritc:android-scalablevideoview:1.0.4] AndroidManifest.xml:8:5-10:41
MERGED from [gougouTalk:react-native-image-picker:unspecified] AndroidManifest.xml:7:5-9:41
MERGED from [com.facebook.react:react-native:0.51.1] AndroidManifest.xml:7:5-9:41
MERGED from [com.android.support:appcompat-v7:23.1.0] AndroidManifest.xml:20:5-43
MERGED from [com.android.support:support-v4:23.1.0] AndroidManifest.xml:20:5-43
MERGED from [com.facebook.fbui.textlayoutbuilder:textlayoutbuilder:1.0.0] AndroidManifest.xml:14:5-16:41
MERGED from [com.facebook.fresco:fresco:1.3.0] AndroidManifest.xml:5:5-7:41
MERGED from [com.facebook.fresco:drawee:1.3.0] AndroidManifest.xml:5:5-7:41
MERGED from [com.facebook.fresco:imagepipeline-okhttp3:1.3.0] AndroidManifest.xml:5:5-7:41
MERGED from [com.facebook.fresco:imagepipeline:1.3.0] AndroidManifest.xml:5:5-7:41
MERGED from [com.facebook.fresco:imagepipeline-base:1.3.0] AndroidManifest.xml:5:5-7:41
MERGED from [com.facebook.fresco:fbcore:1.3.0] AndroidManifest.xml:5:5-7:41
MERGED from [com.facebook.soloader:soloader:0.1.0] AndroidManifest.xml:2:3-70
	android:targetSdkVersion
		INJECTED from src/main/AndroidManifest.xml
		INJECTED from src/main/AndroidManifest.xml
	android:minSdkVersion
		INJECTED from src/main/AndroidManifest.xml
		INJECTED from src/main/AndroidManifest.xml
provider#android.support.v4.content.FileProvider
ADDED from [gougouTalk:react-native-image-picker:unspecified] AndroidManifest.xml:12:9-20:20
	android:authorities
		ADDED from [gougouTalk:react-native-image-picker:unspecified] AndroidManifest.xml:14:13-60
	android:grantUriPermissions
		ADDED from [gougouTalk:react-native-image-picker:unspecified] AndroidManifest.xml:16:13-47
	android:exported
		ADDED from [gougouTalk:react-native-image-picker:unspecified] AndroidManifest.xml:15:13-37
	android:name
		ADDED from [gougouTalk:react-native-image-picker:unspecified] AndroidManifest.xml:13:13-67
meta-data#android.support.FILE_PROVIDER_PATHS
ADDED from [gougouTalk:react-native-image-picker:unspecified] AndroidManifest.xml:17:13-19:58
	android:resource
		ADDED from [gougouTalk:react-native-image-picker:unspecified] AndroidManifest.xml:19:17-55
	android:name
		ADDED from [gougouTalk:react-native-image-picker:unspecified] AndroidManifest.xml:18:17-67
uses-permission#android.permission.READ_PHONE_STATE
IMPLIED from src/main/AndroidManifest.xml:1:1-30:12 reason: org.webkit.android_jsc has a targetSdkVersion < 4
uses-permission#android.permission.READ_EXTERNAL_STORAGE
IMPLIED from src/main/AndroidManifest.xml:1:1-30:12 reason: org.webkit.android_jsc requested WRITE_EXTERNAL_STORAGE